> Ready on http://localhost:3004
> Socket.IO server running
 ○ Compiling / ...
 ✓ Compiled / in 4.6s (1765 modules)
 GET / 200 in 5154ms
<w> [webpack.cache.PackFileCacheStrategy] Caching failed for pack: Error: ENOENT: no such file or directory, rename '/home/danielaroko/applications/crosswordnetwork/.next/cache/webpack/server-development/4.pack.gz_' -> '/home/danielaroko/applications/crosswordnetwork/.next/cache/webpack/server-development/4.pack.gz'
 ✓ Compiled in 1751ms (811 modules)
 GET / 200 in 90ms
 ○ Compiling /dashboard ...
 ✓ Compiled /dashboard in 633ms (1770 modules)
 GET / 200 in 901ms
 GET /dashboard 200 in 925ms
 GET /dashboard 200 in 807ms
 ✓ Compiled in 843ms (817 modules)
 GET / 200 in 100ms
 GET /dashboard 200 in 164ms
 GET / 200 in 168ms
 GET /dashboard 200 in 103ms
 ✓ Compiled in 387ms (817 modules)
 GET /dashboard 200 in 228ms
 GET / 200 in 231ms
 GET / 200 in 218ms
 GET /dashboard 200 in 50ms
 ✓ Compiled in 549ms (817 modules)
 GET / 200 in 357ms
 GET / 200 in 355ms
 GET /dashboard 200 in 363ms
 GET /dashboard 200 in 365ms
 ✓ Compiled in 450ms (817 modules)
 GET /dashboard 200 in 236ms
 GET / 200 in 219ms
 GET /dashboard 200 in 218ms
 GET / 200 in 220ms
 ✓ Compiled in 816ms (817 modules)
 GET / 200 in 69ms
 GET /dashboard 200 in 182ms
 GET / 200 in 157ms
 GET /dashboard 200 in 139ms
<w> [webpack.cache.PackFileCacheStrategy] Caching failed for pack: Error: ENOENT: no such file or directory, rename '/home/danielaroko/applications/crosswordnetwork/.next/cache/webpack/client-development/4.pack.gz_' -> '/home/danielaroko/applications/crosswordnetwork/.next/cache/webpack/client-development/4.pack.gz'
 ✓ Compiled in 439ms (817 modules)
 GET / 200 in 123ms
 GET /dashboard 200 in 130ms
 GET / 200 in 113ms
 GET /dashboard 200 in 67ms
 ✓ Compiled in 378ms (817 modules)
 GET /dashboard 200 in 322ms
 GET / 200 in 326ms
 GET / 200 in 334ms
 GET /dashboard 200 in 307ms
 ✓ Compiled in 652ms (817 modules)
 GET /dashboard 200 in 291ms
 GET /dashboard 200 in 324ms
 GET / 200 in 324ms
 GET / 200 in 323ms
 ✓ Compiled in 432ms (817 modules)
 GET /dashboard 200 in 181ms
 GET / 200 in 181ms
 GET / 200 in 190ms
 GET /dashboard 200 in 73ms
 ✓ Compiled in 489ms (817 modules)
 GET /dashboard 200 in 422ms
 GET / 200 in 424ms
 GET / 200 in 219ms
 GET /dashboard 200 in 227ms
 ✓ Compiled in 288ms (817 modules)
 ✓ Compiled in 655ms (817 modules)
 GET / 200 in 615ms
 GET / 200 in 642ms
 GET /dashboard 200 in 655ms
 GET /dashboard 200 in 413ms
 GET / 200 in 253ms
 GET /dashboard 200 in 204ms
 GET / 200 in 206ms
 GET /dashboard 200 in 147ms
 ✓ Compiled in 648ms (817 modules)
 GET / 200 in 473ms
 GET /dashboard 200 in 379ms
 GET / 200 in 373ms
 GET /dashboard 200 in 323ms
 ✓ Compiled in 341ms (817 modules)
 GET / 200 in 221ms
 GET /dashboard 200 in 245ms
 GET / 200 in 224ms
 GET /dashboard 200 in 56ms
<w> [webpack.cache.PackFileCacheStrategy] Caching failed for pack: Error: ENOENT: no such file or directory, rename '/home/danielaroko/applications/crosswordnetwork/.next/cache/webpack/client-development/0.pack.gz_' -> '/home/danielaroko/applications/crosswordnetwork/.next/cache/webpack/client-development/0.pack.gz'
 ✓ Compiled in 467ms (817 modules)
 GET / 200 in 89ms
 GET /dashboard 200 in 164ms
 GET / 200 in 139ms
 GET /dashboard 200 in 137ms
 ✓ Compiled in 374ms (817 modules)
 GET /dashboard 200 in 270ms
 GET / 200 in 258ms
 GET / 200 in 247ms
 GET /dashboard 200 in 247ms
 ✓ Compiled in 172ms (817 modules)
 GET / 200 in 231ms
 GET /dashboard 200 in 219ms
 GET / 200 in 232ms
 GET /dashboard 200 in 237ms
 ✓ Compiled in 185ms (817 modules)
 GET /dashboard 200 in 173ms
 ○ Compiling /_not-found ...
 ✓ Compiled /_not-found in 588ms (1775 modules)
 GET / 404 in 724ms
 GET /dashboard 404 in 735ms
 GET / 404 in 725ms
 GET / 200 in 610ms
 GET /dashboard 200 in 607ms
 GET / 200 in 609ms
 ○ Compiling /api/auth/[...nextauth] ...
 ⚠ Cross origin request detected from 172.23.118.177 to /_next/* resource. In a future major version of Next.js, you will need to explicitly configure "allowedDevOrigins" in next.config to allow this.
Read more: https://nextjs.org/docs/app/api-reference/config/next-config-js/allowedDevOrigins
 ✓ Compiled /api/dashboard in 2s (2031 modules)
 GET /api/dashboard 401 in 1748ms
 GET /api/auth/session 200 in 1657ms
 GET /api/auth/session 200 in 2139ms
 GET /api/auth/session 200 in 2625ms
 ○ Compiling /middleware ...
 ✓ Compiled /middleware in 555ms (216 modules)
 GET / 200 in 356ms
 ✓ Compiled /api/auth/[...nextauth] in 471ms (984 modules)
 ✓ Compiled (1222 modules)
 GET /favicon.ico 200 in 909ms
 GET /api/auth/session 200 in 838ms
 GET /dashboard 200 in 94ms
 ✓ Compiled /api/dashboard in 157ms (1224 modules)
 GET /api/dashboard 401 in 210ms
 GET /api/dashboard 401 in 217ms
 GET /api/auth/session 200 in 82ms
 GET /api/auth/session 200 in 83ms
 GET /api/auth/session 200 in 104ms
 GET /dashboard 200 in 267ms
 GET /favicon.ico 200 in 39ms
 GET /api/dashboard 401 in 70ms
 GET /api/auth/session 200 in 77ms
 GET /api/auth/session 200 in 57ms
 ○ Compiling /admin ...
 ✓ Compiled /admin in 991ms (2050 modules)
 GET /admin 200 in 1285ms
 ○ Compiling /api/admin/stats ...
 ✓ Compiled /api/admin/stats in 846ms (2074 modules)
 GET /api/admin/room-lifecycle 401 in 1059ms
 GET /api/admin/health 403 in 1056ms
 GET /api/admin/activity 401 in 1052ms
 GET /api/admin/stats 401 in 1056ms
 GET /api/auth/session 200 in 1052ms
 GET /api/admin/stats 401 in 225ms
 GET /api/admin/activity 401 in 245ms
 GET /api/admin/health 403 in 248ms
 ✓ Compiled in 431ms (837 modules)
 GET /admin 200 in 97ms
 ✓ Compiled in 171ms (837 modules)
 GET /admin 200 in 167ms
 ✓ Compiled in 570ms (2026 modules)
 GET /admin 200 in 499ms
 GET /admin 200 in 50ms
 ✓ Compiled in 750ms (1816 modules)
 GET /admin 200 in 90ms
 ✓ Compiled in 410ms (1816 modules)
 GET /admin 200 in 80ms
 ✓ Compiled in 351ms (832 modules)
 GET /admin 200 in 54ms
 ✓ Compiled in 150ms (832 modules)
 GET /admin 200 in 122ms
 ✓ Compiled in 199ms (832 modules)
 GET /admin 200 in 53ms
 ✓ Compiled in 150ms (832 modules)
 GET /admin 200 in 63ms
 ✓ Compiled in 178ms (832 modules)
 GET /admin 200 in 59ms
 ✓ Compiled in 217ms (832 modules)
 GET /admin 200 in 51ms
 ✓ Compiled in 640ms (1816 modules)
 GET /admin 200 in 98ms
 ✓ Compiled in 400ms (1816 modules)
 GET /admin 200 in 149ms
 ✓ Compiled in 333ms (1816 modules)
 GET /admin 200 in 64ms
 ○ Compiling /api/admin/status ...
 ✓ Compiled /api/admin/status in 603ms (2057 modules)
 GET /api/admin/status 200 in 986ms
 ✓ Compiled in 516ms (2071 modules)
 GET /admin 200 in 100ms
 ✓ Compiled in 580ms (1816 modules)
 GET /admin 200 in 133ms
 ⨯ ./src/components/header.tsx
Error:   [31mx[0m Unterminated string constant
     ,-[[36;1;4m/home/danielaroko/applications/crosswordnetwork/src/components/header.tsx[0m:151:1]
 [2m148[0m |                     {isAdmin && (
 [2m149[0m |                       <Badge variant="secondary" className="text-xs">
 [2m150[0m |                         <Shield className="h-3 w-3 mr-1" />
 [2m151[0m |                         {isSuperAdmin ? \"Super Admin\" : \"Admin\"}
     : [35;1m                                         ^^^^^^^^^^^^^^^^^^^^^^^^^^^[0m
 [2m152[0m |                       </Badge>
 [2m153[0m |                     )}
 [2m154[0m |                   </div>
     `----
  [31mx[0m Expected '</', got 'string literal (}, "Super Admin\" : \"Admin\"})'
     ,-[[36;1;4m/home/danielaroko/applications/crosswordnetwork/src/components/header.tsx[0m:151:1]
 [2m148[0m |                     {isAdmin && (
 [2m149[0m |                       <Badge variant="secondary" className="text-xs">
 [2m150[0m |                         <Shield className="h-3 w-3 mr-1" />
 [2m151[0m |                         {isSuperAdmin ? \"Super Admin\" : \"Admin\"}
     : [35;1m                                         ^^^^^^^^^^^^^^^^^^^^^^^^^^^[0m
 [2m152[0m |                       </Badge>
 [2m153[0m |                     )}
 [2m154[0m |                   </div>
     `----

Caused by:
    Syntax Error

Import trace for requested module:
./src/components/header.tsx
./src/app/layout.tsx
 ○ Compiling /_error ...
 ⨯ ./src/components/header.tsx
Error:   [31mx[0m Unterminated string constant
     ,-[[36;1;4m/home/danielaroko/applications/crosswordnetwork/src/components/header.tsx[0m:151:1]
 [2m148[0m |                     {isAdmin && (
 [2m149[0m |                       <Badge variant="secondary" className="text-xs">
 [2m150[0m |                         <Shield className="h-3 w-3 mr-1" />
 [2m151[0m |                         {isSuperAdmin ? \"Super Admin\" : \"Admin\"}
     : [35;1m                                         ^^^^^^^^^^^^^^^^^^^^^^^^^^^[0m
 [2m152[0m |                       </Badge>
 [2m153[0m |                     )}
 [2m154[0m |                   </div>
     `----
  [31mx[0m Expected '</', got 'string literal (}, "Super Admin\" : \"Admin\"})'
     ,-[[36;1;4m/home/danielaroko/applications/crosswordnetwork/src/components/header.tsx[0m:151:1]
 [2m148[0m |                     {isAdmin && (
 [2m149[0m |                       <Badge variant="secondary" className="text-xs">
 [2m150[0m |                         <Shield className="h-3 w-3 mr-1" />
 [2m151[0m |                         {isSuperAdmin ? \"Super Admin\" : \"Admin\"}
     : [35;1m                                         ^^^^^^^^^^^^^^^^^^^^^^^^^^^[0m
 [2m152[0m |                       </Badge>
 [2m153[0m |                     )}
 [2m154[0m |                   </div>
     `----

Caused by:
    Syntax Error

Import trace for requested module:
./src/components/header.tsx
./src/app/layout.tsx
 GET /admin 500 in 3978ms
 GET /admin 500 in 41ms
 GET /admin 500 in 40ms
 GET /admin 500 in 36ms
 ⚠ Fast Refresh had to perform a full reload due to a runtime error.
 ⚠ Fast Refresh had to perform a full reload due to a runtime error.
 ⨯ ./src/components/header.tsx
Error:   [31mx[0m Unterminated string constant
     ,-[[36;1;4m/home/danielaroko/applications/crosswordnetwork/src/components/header.tsx[0m:151:1]
 [2m148[0m |                     {isAdmin && (
 [2m149[0m |                       <Badge variant="secondary" className="text-xs">
 [2m150[0m |                         <Shield className="h-3 w-3 mr-1" />
 [2m151[0m |                         {isSuperAdmin ? "Super Admin" : \"Admin\"}
     : [35;1m                                                         ^^^^^^^^^[0m
 [2m152[0m |                       </Badge>
 [2m153[0m |                     )}
 [2m154[0m |                   </div>
     `----
  [31mx[0m Expected '</', got 'string literal (}, "Admin\"})'
     ,-[[36;1;4m/home/danielaroko/applications/crosswordnetwork/src/components/header.tsx[0m:151:1]
 [2m148[0m |                     {isAdmin && (
 [2m149[0m |                       <Badge variant="secondary" className="text-xs">
 [2m150[0m |                         <Shield className="h-3 w-3 mr-1" />
 [2m151[0m |                         {isSuperAdmin ? "Super Admin" : \"Admin\"}
     : [35;1m                                                         ^^^^^^^^^[0m
 [2m152[0m |                       </Badge>
 [2m153[0m |                     )}
 [2m154[0m |                   </div>
     `----

Caused by:
    Syntax Error

Import trace for requested module:
./src/components/header.tsx
./src/app/layout.tsx
 GET /admin 200 in 119ms
 GET /admin 500 in 32ms
 ⚠ Fast Refresh had to perform a full reload due to a runtime error.
 ⨯ ./src/components/header.tsx
Error:   [31mx[0m Unterminated string constant
     ,-[[36;1;4m/home/danielaroko/applications/crosswordnetwork/src/components/header.tsx[0m:151:1]
 [2m148[0m |                     {isAdmin && (
 [2m149[0m |                       <Badge variant="secondary" className="text-xs">
 [2m150[0m |                         <Shield className="h-3 w-3 mr-1" />
 [2m151[0m |                         {isSuperAdmin ? "Super Admin" : \"Admin\"}
     : [35;1m                                                         ^^^^^^^^^[0m
 [2m152[0m |                       </Badge>
 [2m153[0m |                     )}
 [2m154[0m |                   </div>
     `----
  [31mx[0m Expected '</', got 'string literal (}, "Admin\"})'
     ,-[[36;1;4m/home/danielaroko/applications/crosswordnetwork/src/components/header.tsx[0m:151:1]
 [2m148[0m |                     {isAdmin && (
 [2m149[0m |                       <Badge variant="secondary" className="text-xs">
 [2m150[0m |                         <Shield className="h-3 w-3 mr-1" />
 [2m151[0m |                         {isSuperAdmin ? "Super Admin" : \"Admin\"}
     : [35;1m                                                         ^^^^^^^^^[0m
 [2m152[0m |                       </Badge>
 [2m153[0m |                     )}
 [2m154[0m |                   </div>
     `----

Caused by:
    Syntax Error

Import trace for requested module:
./src/components/header.tsx
./src/app/layout.tsx
 ⚠ Fast Refresh had to perform a full reload due to a runtime error.
 ⚠ Fast Refresh had to perform a full reload due to a runtime error.
 ⨯ ./src/components/header.tsx
Error:   [31mx[0m Unterminated string constant
     ,-[[36;1;4m/home/danielaroko/applications/crosswordnetwork/src/components/header.tsx[0m:151:1]
 [2m148[0m |                     {isAdmin && (
 [2m149[0m |                       <Badge variant="secondary" className="text-xs">
 [2m150[0m |                         <Shield className="h-3 w-3 mr-1" />
 [2m151[0m |                         {isSuperAdmin ? "Super Admin" : \"Admin\"}
     : [35;1m                                                         ^^^^^^^^^[0m
 [2m152[0m |                       </Badge>
 [2m153[0m |                     )}
 [2m154[0m |                   </div>
     `----
  [31mx[0m Expected '</', got 'string literal (}, "Admin\"})'
     ,-[[36;1;4m/home/danielaroko/applications/crosswordnetwork/src/components/header.tsx[0m:151:1]
 [2m148[0m |                     {isAdmin && (
 [2m149[0m |                       <Badge variant="secondary" className="text-xs">
 [2m150[0m |                         <Shield className="h-3 w-3 mr-1" />
 [2m151[0m |                         {isSuperAdmin ? "Super Admin" : \"Admin\"}
     : [35;1m                                                         ^^^^^^^^^[0m
 [2m152[0m |                       </Badge>
 [2m153[0m |                     )}
 [2m154[0m |                   </div>
     `----

Caused by:
    Syntax Error

Import trace for requested module:
./src/components/header.tsx
./src/app/layout.tsx
 ⨯ ./src/components/header.tsx
Error:   [31mx[0m Unterminated string constant
     ,-[[36;1;4m/home/danielaroko/applications/crosswordnetwork/src/components/header.tsx[0m:151:1]
 [2m148[0m |                     {isAdmin && (
 [2m149[0m |                       <Badge variant="secondary" className="text-xs">
 [2m150[0m |                         <Shield className="h-3 w-3 mr-1" />
 [2m151[0m |                         {isSuperAdmin ? "Super Admin" : \"Admin\"}
     : [35;1m                                                         ^^^^^^^^^[0m
 [2m152[0m |                       </Badge>
 [2m153[0m |                     )}
 [2m154[0m |                   </div>
     `----
  [31mx[0m Expected '</', got 'string literal (}, "Admin\"})'
     ,-[[36;1;4m/home/danielaroko/applications/crosswordnetwork/src/components/header.tsx[0m:151:1]
 [2m148[0m |                     {isAdmin && (
 [2m149[0m |                       <Badge variant="secondary" className="text-xs">
 [2m150[0m |                         <Shield className="h-3 w-3 mr-1" />
 [2m151[0m |                         {isSuperAdmin ? "Super Admin" : \"Admin\"}
     : [35;1m                                                         ^^^^^^^^^[0m
 [2m152[0m |                       </Badge>
 [2m153[0m |                     )}
 [2m154[0m |                   </div>
     `----

Caused by:
    Syntax Error

Import trace for requested module:
./src/components/header.tsx
./src/app/layout.tsx
 GET /admin 500 in 496ms
 ✓ Compiled /_not-found in 1558ms (2178 modules)
 ⚠ Fast Refresh had to perform a full reload due to a runtime error.
 GET /admin 200 in 414ms
 ✓ Compiled /api/auth/[...nextauth] in 301ms (1431 modules)
 ✓ Compiled (1440 modules)
 GET /api/admin/activity 401 in 1026ms
 GET /api/admin/health 403 in 1019ms
 GET /api/admin/room-lifecycle 401 in 1020ms
 GET /api/auth/session 200 in 1015ms
 GET /api/admin/stats 401 in 1039ms
 GET /api/admin/stats 401 in 98ms
 ✓ Compiled /api/admin/status in 319ms (1443 modules)
 GET /api/admin/health 403 in 638ms
 GET /api/admin/activity 401 in 639ms
 GET /api/admin/status 200 in 900ms
 GET /api/admin/status 200 in 68ms
 ✓ Compiled in 507ms (2431 modules)
 GET /admin 200 in 193ms
 ✓ Compiled in 480ms (2431 modules)
 GET /admin 200 in 79ms
 ✓ Compiled in 400ms (2431 modules)
 GET /admin 200 in 73ms
 GET /admin 404 in 283ms
 GET /admin 404 in 270ms
 GET /admin 404 in 256ms
 GET /admin 404 in 242ms
 GET /admin 404 in 238ms
 GET /admin 404 in 239ms
 GET /admin 404 in 242ms
 GET /admin 404 in 241ms
 GET /admin 404 in 238ms
 GET /admin 404 in 235ms
 GET /admin 404 in 231ms
 GET /admin 404 in 240ms
 GET /admin 404 in 239ms
 GET /admin 404 in 240ms
 GET /admin 404 in 232ms
 GET /admin 404 in 237ms
 GET /admin 404 in 233ms
 GET /admin 404 in 235ms
 GET /admin 404 in 237ms
 GET /admin 404 in 231ms
 GET /admin 404 in 231ms
 GET /admin 404 in 235ms
 GET /admin 404 in 254ms
 GET /admin 404 in 271ms
 GET /admin 404 in 236ms
 GET /admin 404 in 232ms
 GET /dashboard 404 in 473ms
 GET /admin 404 in 45ms
 GET /dashboard 404 in 434ms
 GET /dashboard 404 in 446ms
 GET /dashboard 404 in 439ms
 GET /dashboard 404 in 433ms
 GET / 404 in 436ms
 GET / 404 in 442ms
 GET / 404 in 436ms
 GET / 404 in 432ms
 GET / 404 in 438ms
 GET / 404 in 441ms
 GET / 404 in 431ms
 GET / 404 in 437ms
 GET / 404 in 435ms
 GET / 404 in 430ms
 GET / 404 in 435ms
 GET / 404 in 440ms
 GET / 404 in 439ms
 GET / 404 in 432ms
 GET / 404 in 436ms
 GET / 404 in 437ms
 GET / 404 in 431ms
 GET / 404 in 441ms
 GET / 404 in 444ms
 GET / 404 in 446ms
 GET / 404 in 433ms
 GET / 404 in 437ms
 GET / 404 in 442ms
 GET / 404 in 435ms
 GET / 404 in 441ms
 GET / 404 in 442ms
 GET / 404 in 449ms
 GET / 404 in 453ms
 GET / 404 in 439ms
 GET / 404 in 439ms
 GET / 404 in 431ms
 GET / 404 in 436ms
 GET / 404 in 438ms
 GET / 404 in 433ms
 GET / 404 in 439ms
 GET / 404 in 438ms
 GET / 404 in 441ms
 GET / 404 in 432ms
 GET / 404 in 433ms
 GET / 404 in 538ms
 GET / 404 in 433ms
 GET / 404 in 435ms
 GET / 404 in 585ms
 GET / 404 in 444ms
 GET / 404 in 437ms
 GET / 404 in 460ms
 GET / 404 in 442ms
 GET / 404 in 434ms
 GET / 404 in 438ms
 GET / 404 in 433ms
 GET / 404 in 442ms
 GET / 404 in 439ms
 GET / 404 in 432ms
 GET / 404 in 435ms
 GET / 404 in 438ms
 GET / 404 in 430ms
 GET / 404 in 437ms
 GET / 404 in 448ms
 GET / 404 in 448ms
 GET / 404 in 437ms
 GET / 404 in 447ms
 GET / 404 in 435ms
 GET / 404 in 435ms
 GET / 404 in 437ms
 GET / 404 in 441ms
 GET / 404 in 440ms
 GET / 404 in 437ms
 GET / 404 in 436ms
 GET / 404 in 432ms
 GET / 404 in 455ms
 GET / 404 in 441ms
 GET / 404 in 433ms
 GET / 404 in 444ms
 GET / 404 in 438ms
 GET / 404 in 432ms
 GET / 404 in 438ms
 GET / 404 in 436ms
 GET / 404 in 440ms
 GET / 404 in 435ms
 GET / 404 in 436ms
 GET / 404 in 462ms
 GET / 404 in 441ms
 GET / 404 in 446ms
 GET / 404 in 551ms
 GET / 404 in 447ms
 GET / 404 in 442ms
 GET / 404 in 436ms
 GET / 404 in 456ms
 GET / 404 in 439ms
 GET / 404 in 439ms
 GET / 404 in 431ms
 GET / 404 in 438ms
 GET / 404 in 441ms
 GET / 404 in 432ms
 GET / 404 in 448ms
 GET / 404 in 437ms
 GET / 404 in 440ms
 GET / 404 in 432ms
 GET / 404 in 438ms
 GET / 404 in 433ms
 GET / 404 in 430ms
 GET / 404 in 440ms
 GET / 404 in 433ms
 GET / 404 in 433ms
 GET / 404 in 440ms
 GET / 404 in 442ms
 GET / 404 in 441ms
 GET / 404 in 430ms
 GET / 404 in 444ms
 GET / 404 in 445ms
 GET / 404 in 433ms
 GET / 404 in 435ms
 GET / 404 in 445ms
 GET / 404 in 442ms
 GET / 404 in 447ms
 GET / 404 in 441ms
 GET / 404 in 440ms
 GET / 404 in 438ms
 GET / 404 in 477ms
 GET / 404 in 443ms
 GET / 404 in 438ms
 GET / 404 in 443ms
 GET / 404 in 440ms
 GET / 404 in 581ms
 GET / 404 in 437ms
 GET / 404 in 437ms
 GET / 404 in 432ms
 GET / 404 in 447ms
 GET / 404 in 452ms
 GET / 404 in 507ms
 GET / 404 in 447ms
 GET / 404 in 437ms
 GET / 404 in 439ms
 ⨯ [Error: ENOENT: no such file or directory, open '/home/danielaroko/applications/crosswordnetwork/.next/server/app-paths-manifest.json'] {
  errno: -2,
  code: 'ENOENT',
  syscall: 'open',
  path: '/home/danielaroko/applications/crosswordnetwork/.next/server/app-paths-manifest.json',
  page: '/'
}
 ⨯ [Error: ENOENT: no such file or directory, open '/home/danielaroko/applications/crosswordnetwork/.next/server/pages-manifest.json'] {
  errno: -2,
  code: 'ENOENT',
  syscall: 'open',
  path: '/home/danielaroko/applications/crosswordnetwork/.next/server/pages-manifest.json'
}
[Error: ENOENT: no such file or directory, open '/home/danielaroko/applications/crosswordnetwork/.next/server/app-paths-manifest.json'] {
  errno: -2,
  code: 'ENOENT',
  syscall: 'open',
  path: '/home/danielaroko/applications/crosswordnetwork/.next/server/app-paths-manifest.json',
  page: '/'
}
 GET / 500 in 253ms
 GET / 500 in 9ms
 GET / 404 in 433ms
 GET / 404 in 444ms
 GET / 404 in 435ms
 GET / 404 in 431ms
 GET / 404 in 436ms
 GET / 404 in 436ms
 GET / 404 in 430ms
 GET / 404 in 482ms
 GET / 404 in 447ms
 GET / 404 in 435ms
 GET / 404 in 444ms
 GET / 404 in 436ms
 GET / 404 in 437ms
 GET / 404 in 439ms
 GET / 404 in 432ms
 GET / 404 in 440ms
 GET / 404 in 435ms
 GET / 404 in 430ms
 GET / 404 in 435ms
 GET / 404 in 438ms
 GET / 404 in 436ms
 GET / 404 in 431ms
 GET / 404 in 435ms
 GET / 404 in 441ms
 GET / 404 in 432ms
 GET / 404 in 436ms
 GET / 404 in 436ms
 GET / 404 in 438ms
 GET / 404 in 434ms
 GET / 404 in 437ms
 GET / 404 in 443ms
 GET / 404 in 582ms
 GET / 404 in 443ms
 GET / 404 in 547ms
 GET / 404 in 441ms
 GET / 404 in 440ms
 GET / 404 in 441ms
 GET / 404 in 431ms
 GET / 404 in 438ms
 GET / 404 in 434ms
 GET / 404 in 433ms
 GET / 404 in 444ms
 GET / 404 in 436ms
 GET / 404 in 451ms
 GET / 404 in 434ms
 GET / 404 in 435ms
 GET / 404 in 439ms
 GET / 404 in 429ms
 GET / 404 in 434ms
 GET / 404 in 437ms
 GET / 404 in 430ms
 GET / 404 in 434ms
 GET / 404 in 439ms
 GET / 404 in 432ms
 GET / 404 in 439ms
 GET / 404 in 438ms
 GET / 404 in 437ms
 GET / 404 in 431ms
 GET / 404 in 436ms
 GET / 404 in 445ms
 GET / 404 in 431ms
 GET / 404 in 437ms
 GET / 404 in 437ms
 GET / 404 in 439ms
 GET / 404 in 439ms
 GET / 404 in 436ms
 GET / 404 in 460ms
 GET / 404 in 462ms
 GET / 404 in 444ms
